<?xml version="1.0" encoding="UTF-8"?>
<testng-results skipped="0" failed="0" total="1" passed="1">
  <reporter-output>
  </reporter-output>
  <suite name="Default suite" duration-ms="22" started-at="2016-09-20T10:51:42Z" finished-at="2016-09-20T10:51:42Z">
    <groups>
    </groups>
    <test name="Default test" duration-ms="22" started-at="2016-09-20T10:51:42Z" finished-at="2016-09-20T10:51:42Z">
      <class name="com.companyname.bank.TestNG">
        <test-method status="PASS" signature="tearUp()[pri:0, instance:com.companyname.bank.TestNG@cc285f4]" name="tearUp" is-config="true" duration-ms="6" started-at="2016-09-20T16:21:42Z" finished-at="2016-09-20T16:21:42Z">
          <reporter-output>
          </reporter-output>
        </test-method> <!-- tearUp -->
        <test-method status="PASS" signature="newtest()[pri:0, instance:com.companyname.bank.TestNG@cc285f4]" name="newtest" duration-ms="4" started-at="2016-09-20T16:21:42Z" finished-at="2016-09-20T16:21:42Z">
          <reporter-output>
          </reporter-output>
        </test-method> <!-- newtest -->
        <test-method status="PASS" signature="teardown()[pri:0, instance:com.companyname.bank.TestNG@cc285f4]" name="teardown" is-config="true" duration-ms="1" started-at="2016-09-20T16:21:42Z" finished-at="2016-09-20T16:21:42Z">
          <reporter-output>
          </reporter-output>
        </test-method> <!-- teardown -->
      </class> <!-- com.companyname.bank.TestNG -->
    </test> <!-- Default test -->
  </suite> <!-- Default suite -->
</testng-results>
